<?xml version="1.0" encoding="UTF-8"?>
<!-- Generated by org.testng.reporters.JUnitReportReporter -->
<testsuite skipped="0" hostname="MXITL156" name="test.TestClass" tests="1" failures="0" timestamp="16 Nov 2022 03:26:16 GMT" time="5.831" errors="0">
  <testcase name="f" time="5.831" classname="test.TestClass"/>
</testsuite> <!-- test.TestClass -->
